<?xml version="1.0" encoding="UTF-8"?>
<robot generator="Robot 7.3.2 (Python 3.12.6 on win32)" generated="2025-08-12T19:28:01.268284" rpa="false" schemaversion="5">
<suite id="s1" name="Products Test" source="c:\easylist-tests\tests\api\products_test.robot">
<test id="s1-t1" name="Get Products" line="13">
<kw name="Login And Get Token" owner="login_keyword_test">
<kw name="Create Session" owner="RequestsLibrary">
<msg time="2025-08-12T19:28:01.836248" level="FAIL">Variable '${BASE_URL}' not found.</msg>
<arg>auth</arg>
<arg>${BASE_URL}</arg>
<doc>Create Session: create a HTTP session to a server</doc>
<status status="FAIL" start="2025-08-12T19:28:01.835250" elapsed="0.000998">Variable '${BASE_URL}' not found.</status>
</kw>
<kw name="Create Dictionary" owner="BuiltIn">
<var>${data}</var>
<arg>username=${USERNAME}</arg>
<arg>password=${PASSWORD}</arg>
<doc>Creates and returns a dictionary based on the given ``items``.</doc>
<status status="NOT RUN" start="2025-08-12T19:28:01.836248" elapsed="0.000000"/>
</kw>
<kw name="POST On Session" owner="RequestsLibrary">
<var>${response}</var>
<arg>auth</arg>
<arg>${LOGIN_ENDPOINT}</arg>
<arg>json=${data}</arg>
<doc>Sends a POST request on a previously created HTTP Session.</doc>
<status status="NOT RUN" start="2025-08-12T19:28:01.836248" elapsed="0.000000"/>
</kw>
<kw name="Should Be Equal As Numbers" owner="BuiltIn">
<arg>${response.status_code}</arg>
<arg>200</arg>
<doc>Fails if objects are unequal after converting them to real numbers.</doc>
<status status="NOT RUN" start="2025-08-12T19:28:01.836248" elapsed="0.000000"/>
</kw>
<kw name="Evaluate" owner="BuiltIn">
<var>${json}</var>
<arg>$response.json()</arg>
<doc>Evaluates the given expression in Python and returns the result.</doc>
<status status="NOT RUN" start="2025-08-12T19:28:01.836248" elapsed="0.000000"/>
</kw>
<kw name="Get From Dictionary" owner="Collections">
<var>${ACCESTOKEN}</var>
<arg>${json}</arg>
<arg>access</arg>
<doc>Returns a value from the given ``dictionary`` based on the given ``key``.</doc>
<status status="NOT RUN" start="2025-08-12T19:28:01.836248" elapsed="0.000000"/>
</kw>
<return>
<value>${ACCESTOKEN}</value>
<status status="NOT RUN" start="2025-08-12T19:28:01.836248" elapsed="0.000000"/>
</return>
<var>${token}</var>
<doc>Logs into the API and returns an access token</doc>
<status status="FAIL" start="2025-08-12T19:28:01.827219" elapsed="0.009029">Variable '${BASE_URL}' not found.</status>
</kw>
<kw name="Create Session" owner="RequestsLibrary">
<arg>prod</arg>
<arg>${BASE_URL}</arg>
<doc>Create Session: create a HTTP session to a server</doc>
<status status="NOT RUN" start="2025-08-12T19:28:01.836248" elapsed="0.000000"/>
</kw>
<kw name="Create Dictionary" owner="BuiltIn">
<var>${headers}</var>
<arg>Authorization=Bearer ${token}</arg>
<doc>Creates and returns a dictionary based on the given ``items``.</doc>
<status status="NOT RUN" start="2025-08-12T19:28:01.836248" elapsed="0.000000"/>
</kw>
<kw name="GET On Session" owner="RequestsLibrary">
<var>${response}</var>
<arg>prod</arg>
<arg>${PRODUCTS_ENDPOINT}</arg>
<arg>headers=${headers}</arg>
<doc>Sends a GET request on a previously created HTTP Session.</doc>
<status status="NOT RUN" start="2025-08-12T19:28:01.836248" elapsed="0.000000"/>
</kw>
<kw name="Should Be Equal As Numbers" owner="BuiltIn">
<arg>${response.status_code}</arg>
<arg>200</arg>
<doc>Fails if objects are unequal after converting them to real numbers.</doc>
<status status="NOT RUN" start="2025-08-12T19:28:01.836248" elapsed="0.000000"/>
</kw>
<kw name="Should Be True" owner="BuiltIn">
<arg>${response.json()}[0]['product_name'] != None</arg>
<doc>Fails if the given condition is not true.</doc>
<status status="NOT RUN" start="2025-08-12T19:28:01.845336" elapsed="0.000000"/>
</kw>
<kw name="Log To Console" owner="BuiltIn">
<arg>${token}[0:5]</arg>
<doc>Logs the given message to the console.</doc>
<status status="NOT RUN" start="2025-08-12T19:28:01.845336" elapsed="0.000000"/>
</kw>
<doc>Get All Products</doc>
<status status="FAIL" start="2025-08-12T19:28:01.827219" elapsed="0.018117">Variable '${BASE_URL}' not found.</status>
</test>
<status status="FAIL" start="2025-08-12T19:28:01.274566" elapsed="0.570770"/>
</suite>
<statistics>
<total>
<stat pass="0" fail="1" skip="0">All Tests</stat>
</total>
<tag>
</tag>
<suite>
<stat name="Products Test" id="s1" pass="0" fail="1" skip="0">Products Test</stat>
</suite>
</statistics>
<errors>
<msg time="2025-08-12T19:28:01.813095" level="ERROR">Error in file 'c:\easylist-tests\tests\login\login_keyword_test.robot' on line 6: Setting variable '${BASE_URL}' failed: Environment variable '%{API_BASE_URL}' not found.</msg>
<msg time="2025-08-12T19:28:01.827219" level="ERROR">Error in file 'c:\easylist-tests\tests\api\products_test.robot' on line 9: Setting variable '${PASSWORD}' failed: Environment variable '%{API_PASSWORD}' not found.</msg>
<msg time="2025-08-12T19:28:01.827219" level="ERROR">Error in file 'c:\easylist-tests\tests\api\products_test.robot' on line 8: Setting variable '${USERNAME}' failed: Environment variable '%{API_USERNAME}' not found. Did you mean:
    %{USERNAME}</msg>
</errors>
</robot>
